[1.075s] DEBUG:colcon:Command line arguments: ['/usr/bin/colcon', 'build', '--symlink-install']
[1.075s] DEBUG:colcon:Parsed command line arguments: Namespace(log_base=None, log_level=None, verb_name='build', build_base='build', install_base='install', merge_install=False, symlink_install=True, test_result_base=None, continue_on_error=False, executor='parallel', parallel_workers=4, event_handlers=None, ignore_user_meta=False, metas=['./colcon.meta'], base_paths=['.'], packages_ignore=None, packages_ignore_regex=None, paths=None, packages_up_to=None, packages_up_to_regex=None, packages_above=None, packages_above_and_dependencies=None, packages_above_depth=None, packages_select_by_dep=None, packages_skip_by_dep=None, packages_skip_up_to=None, packages_select_build_failed=False, packages_skip_build_finished=False, packages_select_test_failures=False, packages_skip_test_passed=False, packages_select=None, packages_skip=None, packages_select_regex=None, packages_skip_regex=None, packages_start=None, packages_end=None, allow_overriding=[], cmake_args=None, cmake_target=None, cmake_target_skip_unavailable=False, cmake_clean_cache=False, cmake_clean_first=False, cmake_force_configure=False, ament_cmake_args=None, catkin_cmake_args=None, catkin_skip_building_tests=False, verb_parser=<colcon_defaults.argument_parser.defaults.DefaultArgumentsDecorator object at 0x7843377a7490>, verb_extension=<colcon_core.verb.build.BuildVerb object at 0x7843378f88b0>, main=<bound method BuildVerb.main of <colcon_core.verb.build.BuildVerb object at 0x7843378f88b0>>)
[2.752s] Level 1:colcon.colcon_core.package_discovery:discover_packages(colcon_meta) check parameters
[2.752s] Level 1:colcon.colcon_core.package_discovery:discover_packages(recursive) check parameters
[2.752s] Level 1:colcon.colcon_core.package_discovery:discover_packages(ignore) check parameters
[2.752s] Level 1:colcon.colcon_core.package_discovery:discover_packages(path) check parameters
[2.752s] Level 1:colcon.colcon_core.package_discovery:discover_packages(colcon_meta) discover
[2.752s] Level 1:colcon.colcon_core.package_discovery:discover_packages(recursive) discover
[2.752s] INFO:colcon.colcon_core.package_discovery:Crawling recursively for packages in '/home/arnia/.gazebo/models/robot_autonome/windowclean_pro_ws'
[2.753s] Level 1:colcon.colcon_core.package_identification:_identify(.) by extensions ['ignore', 'ignore_ament_install']
[2.753s] Level 1:colcon.colcon_core.package_identification:_identify(.) by extension 'ignore'
[2.753s] Level 1:colcon.colcon_core.package_identification:_identify(.) by extension 'ignore_ament_install'
[2.753s] Level 1:colcon.colcon_core.package_identification:_identify(.) by extensions ['colcon_pkg']
[2.753s] Level 1:colcon.colcon_core.package_identification:_identify(.) by extension 'colcon_pkg'
[2.753s] Level 1:colcon.colcon_core.package_identification:_identify(.) by extensions ['colcon_meta']
[2.753s] Level 1:colcon.colcon_core.package_identification:_identify(.) by extension 'colcon_meta'
[2.754s] Level 1:colcon.colcon_core.package_identification:_identify(.) by extensions ['ros']
[2.754s] Level 1:colcon.colcon_core.package_identification:_identify(.) by extension 'ros'
[2.833s] Level 1:colcon.colcon_core.package_identification:_identify(.) by extensions ['cmake', 'python']
[2.833s] Level 1:colcon.colcon_core.package_identification:_identify(.) by extension 'cmake'
[2.834s] Level 1:colcon.colcon_core.package_identification:_identify(.) by extension 'python'
[2.834s] Level 1:colcon.colcon_core.package_identification:_identify(.) by extensions ['python_setup_py']
[2.834s] Level 1:colcon.colcon_core.package_identification:_identify(.) by extension 'python_setup_py'
[2.834s] Level 1:colcon.colcon_core.package_identification:_identify(build) by extensions ['ignore', 'ignore_ament_install']
[2.835s] Level 1:colcon.colcon_core.package_identification:_identify(build) by extension 'ignore'
[2.835s] Level 1:colcon.colcon_core.package_identification:_identify(build) ignored
[2.835s] Level 1:colcon.colcon_core.package_identification:_identify(install) by extensions ['ignore', 'ignore_ament_install']
[2.836s] Level 1:colcon.colcon_core.package_identification:_identify(install) by extension 'ignore'
[2.836s] Level 1:colcon.colcon_core.package_identification:_identify(install) ignored
[2.836s] Level 1:colcon.colcon_core.package_identification:_identify(log) by extensions ['ignore', 'ignore_ament_install']
[2.837s] Level 1:colcon.colcon_core.package_identification:_identify(log) by extension 'ignore'
[2.837s] Level 1:colcon.colcon_core.package_identification:_identify(log) ignored
[2.838s] Level 1:colcon.colcon_core.package_identification:_identify(src) by extensions ['ignore', 'ignore_ament_install']
[2.838s] Level 1:colcon.colcon_core.package_identification:_identify(src) by extension 'ignore'
[2.846s] Level 1:colcon.colcon_core.package_identification:_identify(src) by extension 'ignore_ament_install'
[2.847s] Level 1:colcon.colcon_core.package_identification:_identify(src) by extensions ['colcon_pkg']
[2.847s] Level 1:colcon.colcon_core.package_identification:_identify(src) by extension 'colcon_pkg'
[2.847s] Level 1:colcon.colcon_core.package_identification:_identify(src) by extensions ['colcon_meta']
[2.848s] Level 1:colcon.colcon_core.package_identification:_identify(src) by extension 'colcon_meta'
[2.848s] Level 1:colcon.colcon_core.package_identification:_identify(src) by extensions ['ros']
[2.848s] Level 1:colcon.colcon_core.package_identification:_identify(src) by extension 'ros'
[2.849s] Level 1:colcon.colcon_core.package_identification:_identify(src) by extensions ['cmake', 'python']
[2.849s] Level 1:colcon.colcon_core.package_identification:_identify(src) by extension 'cmake'
[2.849s] Level 1:colcon.colcon_core.package_identification:_identify(src) by extension 'python'
[2.849s] Level 1:colcon.colcon_core.package_identification:_identify(src) by extensions ['python_setup_py']
[2.849s] Level 1:colcon.colcon_core.package_identification:_identify(src) by extension 'python_setup_py'
[2.849s] Level 1:colcon.colcon_core.package_identification:_identify(src/windowclean_pro) by extensions ['ignore', 'ignore_ament_install']
[2.849s] Level 1:colcon.colcon_core.package_identification:_identify(src/windowclean_pro) by extension 'ignore'
[2.850s] Level 1:colcon.colcon_core.package_identification:_identify(src/windowclean_pro) by extension 'ignore_ament_install'
[2.850s] Level 1:colcon.colcon_core.package_identification:_identify(src/windowclean_pro) by extensions ['colcon_pkg']
[2.850s] Level 1:colcon.colcon_core.package_identification:_identify(src/windowclean_pro) by extension 'colcon_pkg'
[2.850s] Level 1:colcon.colcon_core.package_identification:_identify(src/windowclean_pro) by extensions ['colcon_meta']
[2.851s] Level 1:colcon.colcon_core.package_identification:_identify(src/windowclean_pro) by extension 'colcon_meta'
[2.851s] Level 1:colcon.colcon_core.package_identification:_identify(src/windowclean_pro) by extensions ['ros']
[2.851s] Level 1:colcon.colcon_core.package_identification:_identify(src/windowclean_pro) by extension 'ros'
[2.884s] DEBUG:colcon.colcon_core.package_identification:Package 'src/windowclean_pro' with type 'ros.ament_cmake' and name 'windowclean_pro'
[2.885s] Level 1:colcon.colcon_core.package_discovery:discover_packages(recursive) using defaults
[2.885s] Level 1:colcon.colcon_core.package_discovery:discover_packages(ignore) discover
[2.885s] Level 1:colcon.colcon_core.package_discovery:discover_packages(ignore) using defaults
[2.885s] Level 1:colcon.colcon_core.package_discovery:discover_packages(path) discover
[2.886s] Level 1:colcon.colcon_core.package_discovery:discover_packages(path) using defaults
[3.043s] Level 1:colcon.colcon_core.package_discovery:discover_packages(prefix_path) check parameters
[3.043s] Level 1:colcon.colcon_core.package_discovery:discover_packages(prefix_path) discover
[3.056s] DEBUG:colcon.colcon_installed_package_information.package_discovery:Found 276 installed packages in /opt/ros/humble
[3.069s] Level 1:colcon.colcon_core.package_discovery:discover_packages(prefix_path) using defaults
[3.283s] Level 5:colcon.colcon_core.verb:set package 'windowclean_pro' build argument 'cmake_args' from command line to 'None'
[3.283s] Level 5:colcon.colcon_core.verb:set package 'windowclean_pro' build argument 'cmake_target' from command line to 'None'
[3.283s] Level 5:colcon.colcon_core.verb:set package 'windowclean_pro' build argument 'cmake_target_skip_unavailable' from command line to 'False'
[3.283s] Level 5:colcon.colcon_core.verb:set package 'windowclean_pro' build argument 'cmake_clean_cache' from command line to 'False'
[3.283s] Level 5:colcon.colcon_core.verb:set package 'windowclean_pro' build argument 'cmake_clean_first' from command line to 'False'
[3.283s] Level 5:colcon.colcon_core.verb:set package 'windowclean_pro' build argument 'cmake_force_configure' from command line to 'False'
[3.283s] Level 5:colcon.colcon_core.verb:set package 'windowclean_pro' build argument 'ament_cmake_args' from command line to 'None'
[3.283s] Level 5:colcon.colcon_core.verb:set package 'windowclean_pro' build argument 'catkin_cmake_args' from command line to 'None'
[3.283s] Level 5:colcon.colcon_core.verb:set package 'windowclean_pro' build argument 'catkin_skip_building_tests' from command line to 'False'
[3.283s] DEBUG:colcon.colcon_core.verb:Building package 'windowclean_pro' with the following arguments: {'ament_cmake_args': None, 'build_base': '/home/arnia/.gazebo/models/robot_autonome/windowclean_pro_ws/build/windowclean_pro', 'catkin_cmake_args': None, 'catkin_skip_building_tests': False, 'cmake_args': None, 'cmake_clean_cache': False, 'cmake_clean_first': False, 'cmake_force_configure': False, 'cmake_target': None, 'cmake_target_skip_unavailable': False, 'install_base': '/home/arnia/.gazebo/models/robot_autonome/windowclean_pro_ws/install/windowclean_pro', 'merge_install': False, 'path': '/home/arnia/.gazebo/models/robot_autonome/windowclean_pro_ws/src/windowclean_pro', 'symlink_install': True, 'test_result_base': None}
[3.284s] INFO:colcon.colcon_core.executor:Executing jobs using 'parallel' executor
[3.289s] DEBUG:colcon.colcon_parallel_executor.executor.parallel:run_until_complete
[3.290s] INFO:colcon.colcon_ros.task.ament_cmake.build:Building ROS package in '/home/arnia/.gazebo/models/robot_autonome/windowclean_pro_ws/src/windowclean_pro' with build type 'ament_cmake'
[3.291s] INFO:colcon.colcon_cmake.task.cmake.build:Building CMake package in '/home/arnia/.gazebo/models/robot_autonome/windowclean_pro_ws/src/windowclean_pro'
[3.348s] INFO:colcon.colcon_core.plugin_system:Skipping extension 'colcon_core.shell.bat': Not used on non-Windows systems
[3.349s] INFO:colcon.colcon_core.shell:Skip shell extension 'powershell' for command environment: Not usable outside of PowerShell
[3.350s] DEBUG:colcon.colcon_core.shell:Skip shell extension 'dsv' for command environment
[3.747s] DEBUG:colcon.colcon_core.event_handler.log_command:Invoking command in '/home/arnia/.gazebo/models/robot_autonome/windowclean_pro_ws/build/windowclean_pro': CMAKE_PREFIX_PATH=/opt/ros/humble /usr/bin/cmake /home/arnia/.gazebo/models/robot_autonome/windowclean_pro_ws/src/windowclean_pro -DAMENT_CMAKE_SYMLINK_INSTALL=1 -DCMAKE_INSTALL_PREFIX=/home/arnia/.gazebo/models/robot_autonome/windowclean_pro_ws/install/windowclean_pro
[60.735s] DEBUG:colcon.colcon_core.event_handler.log_command:Invoked command in '/home/arnia/.gazebo/models/robot_autonome/windowclean_pro_ws/build/windowclean_pro' returned '1': CMAKE_PREFIX_PATH=/opt/ros/humble /usr/bin/cmake /home/arnia/.gazebo/models/robot_autonome/windowclean_pro_ws/src/windowclean_pro -DAMENT_CMAKE_SYMLINK_INSTALL=1 -DCMAKE_INSTALL_PREFIX=/home/arnia/.gazebo/models/robot_autonome/windowclean_pro_ws/install/windowclean_pro
[60.785s] Level 1:colcon.colcon_core.environment:create_environment_scripts_only(windowclean_pro)
[60.820s] Level 1:colcon.colcon_core.environment:checking '/home/arnia/.gazebo/models/robot_autonome/windowclean_pro_ws/install/windowclean_pro' for CMake module files
[60.822s] Level 1:colcon.colcon_core.environment:checking '/home/arnia/.gazebo/models/robot_autonome/windowclean_pro_ws/install/windowclean_pro' for CMake config files
[60.826s] Level 1:colcon.colcon_core.environment:checking '/home/arnia/.gazebo/models/robot_autonome/windowclean_pro_ws/install/windowclean_pro/bin'
[60.829s] Level 1:colcon.colcon_core.environment:checking '/home/arnia/.gazebo/models/robot_autonome/windowclean_pro_ws/install/windowclean_pro/lib/pkgconfig/windowclean_pro.pc'
[60.831s] Level 1:colcon.colcon_core.environment:checking '/home/arnia/.gazebo/models/robot_autonome/windowclean_pro_ws/install/windowclean_pro/lib/python3.10/site-packages'
[60.832s] Level 1:colcon.colcon_core.environment:checking '/home/arnia/.gazebo/models/robot_autonome/windowclean_pro_ws/install/windowclean_pro/bin'
[60.833s] INFO:colcon.colcon_core.shell:Creating package script '/home/arnia/.gazebo/models/robot_autonome/windowclean_pro_ws/install/windowclean_pro/share/windowclean_pro/package.ps1'
[60.841s] INFO:colcon.colcon_core.shell:Creating package descriptor '/home/arnia/.gazebo/models/robot_autonome/windowclean_pro_ws/install/windowclean_pro/share/windowclean_pro/package.dsv'
[60.844s] INFO:colcon.colcon_core.shell:Creating package script '/home/arnia/.gazebo/models/robot_autonome/windowclean_pro_ws/install/windowclean_pro/share/windowclean_pro/package.sh'
[60.857s] INFO:colcon.colcon_core.shell:Creating package script '/home/arnia/.gazebo/models/robot_autonome/windowclean_pro_ws/install/windowclean_pro/share/windowclean_pro/package.bash'
[60.863s] INFO:colcon.colcon_core.shell:Creating package script '/home/arnia/.gazebo/models/robot_autonome/windowclean_pro_ws/install/windowclean_pro/share/windowclean_pro/package.zsh'
[60.867s] Level 1:colcon.colcon_core.environment:create_file_with_runtime_dependencies(/home/arnia/.gazebo/models/robot_autonome/windowclean_pro_ws/install/windowclean_pro/share/colcon-core/packages/windowclean_pro)
[60.882s] DEBUG:colcon.colcon_parallel_executor.executor.parallel:closing loop
[60.883s] DEBUG:colcon.colcon_parallel_executor.executor.parallel:loop closed
[60.883s] DEBUG:colcon.colcon_parallel_executor.executor.parallel:run_until_complete finished with '1'
[60.883s] DEBUG:colcon.colcon_core.event_reactor:joining thread
[61.124s] INFO:colcon.colcon_core.plugin_system:Skipping extension 'colcon_notification.desktop_notification.notify_send': Could not find 'notify-send'
[61.124s] INFO:colcon.colcon_core.plugin_system:Skipping extension 'colcon_notification.desktop_notification.terminal_notifier': Not used on non-Darwin systems
[61.125s] INFO:colcon.colcon_core.plugin_system:Skipping extension 'colcon_notification.desktop_notification.win32': Not used on non-Windows systems
[61.125s] INFO:colcon.colcon_notification.desktop_notification:Sending desktop notification using 'notify2'
[61.127s] DEBUG:colcon.colcon_notification.desktop_notification.notify2:Failed to initialize notify2: org.freedesktop.DBus.Error.FileNotFound: Failed to connect to socket /run/user/1000/bus: No such file or directory
[61.127s] DEBUG:colcon.colcon_core.event_reactor:joined thread
[61.127s] INFO:colcon.colcon_core.shell:Creating prefix script '/home/arnia/.gazebo/models/robot_autonome/windowclean_pro_ws/install/local_setup.ps1'
[61.134s] INFO:colcon.colcon_core.shell:Creating prefix util module '/home/arnia/.gazebo/models/robot_autonome/windowclean_pro_ws/install/_local_setup_util_ps1.py'
[61.142s] INFO:colcon.colcon_core.shell:Creating prefix chain script '/home/arnia/.gazebo/models/robot_autonome/windowclean_pro_ws/install/setup.ps1'
[61.146s] INFO:colcon.colcon_core.shell:Creating prefix script '/home/arnia/.gazebo/models/robot_autonome/windowclean_pro_ws/install/local_setup.sh'
[61.148s] INFO:colcon.colcon_core.shell:Creating prefix util module '/home/arnia/.gazebo/models/robot_autonome/windowclean_pro_ws/install/_local_setup_util_sh.py'
[61.149s] INFO:colcon.colcon_core.shell:Creating prefix chain script '/home/arnia/.gazebo/models/robot_autonome/windowclean_pro_ws/install/setup.sh'
[61.153s] INFO:colcon.colcon_core.shell:Creating prefix script '/home/arnia/.gazebo/models/robot_autonome/windowclean_pro_ws/install/local_setup.bash'
[61.158s] INFO:colcon.colcon_core.shell:Creating prefix chain script '/home/arnia/.gazebo/models/robot_autonome/windowclean_pro_ws/install/setup.bash'
[61.173s] INFO:colcon.colcon_core.shell:Creating prefix script '/home/arnia/.gazebo/models/robot_autonome/windowclean_pro_ws/install/local_setup.zsh'
[61.181s] INFO:colcon.colcon_core.shell:Creating prefix chain script '/home/arnia/.gazebo/models/robot_autonome/windowclean_pro_ws/install/setup.zsh'
