[3.075s] DEBUG:colcon:Command line arguments: ['/usr/bin/colcon', 'build', '--symlink-install']
[3.076s] DEBUG:colcon:Parsed command line arguments: Namespace(log_base=None, log_level=None, verb_name='build', build_base='build', install_base='install', merge_install=False, symlink_install=True, test_result_base=None, continue_on_error=False, executor='parallel', parallel_workers=4, event_handlers=None, ignore_user_meta=False, metas=['./colcon.meta'], base_paths=['.'], packages_ignore=None, packages_ignore_regex=None, paths=None, packages_up_to=None, packages_up_to_regex=None, packages_above=None, packages_above_and_dependencies=None, packages_above_depth=None, packages_select_by_dep=None, packages_skip_by_dep=None, packages_skip_up_to=None, packages_select_build_failed=False, packages_skip_build_finished=False, packages_select_test_failures=False, packages_skip_test_passed=False, packages_select=None, packages_skip=None, packages_select_regex=None, packages_skip_regex=None, packages_start=None, packages_end=None, allow_overriding=[], cmake_args=None, cmake_target=None, cmake_target_skip_unavailable=False, cmake_clean_cache=False, cmake_clean_first=False, cmake_force_configure=False, ament_cmake_args=None, catkin_cmake_args=None, catkin_skip_building_tests=False, verb_parser=<colcon_defaults.argument_parser.defaults.DefaultArgumentsDecorator object at 0x7b6acec97460>, verb_extension=<colcon_core.verb.build.BuildVerb object at 0x7b6acede8880>, main=<bound method BuildVerb.main of <colcon_core.verb.build.BuildVerb object at 0x7b6acede8880>>)
[3.911s] Level 1:colcon.colcon_core.package_discovery:discover_packages(colcon_meta) check parameters
[3.911s] Level 1:colcon.colcon_core.package_discovery:discover_packages(recursive) check parameters
[3.912s] Level 1:colcon.colcon_core.package_discovery:discover_packages(ignore) check parameters
[3.912s] Level 1:colcon.colcon_core.package_discovery:discover_packages(path) check parameters
[3.912s] Level 1:colcon.colcon_core.package_discovery:discover_packages(colcon_meta) discover
[3.912s] Level 1:colcon.colcon_core.package_discovery:discover_packages(recursive) discover
[3.912s] INFO:colcon.colcon_core.package_discovery:Crawling recursively for packages in '/home/arnia/.gazebo/models/robot_autonome/windowclean_pro_ws'
[3.912s] Level 1:colcon.colcon_core.package_identification:_identify(.) by extensions ['ignore', 'ignore_ament_install']
[3.913s] Level 1:colcon.colcon_core.package_identification:_identify(.) by extension 'ignore'
[3.913s] Level 1:colcon.colcon_core.package_identification:_identify(.) by extension 'ignore_ament_install'
[3.913s] Level 1:colcon.colcon_core.package_identification:_identify(.) by extensions ['colcon_pkg']
[3.913s] Level 1:colcon.colcon_core.package_identification:_identify(.) by extension 'colcon_pkg'
[3.913s] Level 1:colcon.colcon_core.package_identification:_identify(.) by extensions ['colcon_meta']
[3.914s] Level 1:colcon.colcon_core.package_identification:_identify(.) by extension 'colcon_meta'
[3.914s] Level 1:colcon.colcon_core.package_identification:_identify(.) by extensions ['ros']
[3.914s] Level 1:colcon.colcon_core.package_identification:_identify(.) by extension 'ros'
[3.984s] Level 1:colcon.colcon_core.package_identification:_identify(.) by extensions ['cmake', 'python']
[3.984s] Level 1:colcon.colcon_core.package_identification:_identify(.) by extension 'cmake'
[3.984s] Level 1:colcon.colcon_core.package_identification:_identify(.) by extension 'python'
[3.984s] Level 1:colcon.colcon_core.package_identification:_identify(.) by extensions ['python_setup_py']
[3.984s] Level 1:colcon.colcon_core.package_identification:_identify(.) by extension 'python_setup_py'
[3.984s] Level 1:colcon.colcon_core.package_identification:_identify(build) by extensions ['ignore', 'ignore_ament_install']
[3.984s] Level 1:colcon.colcon_core.package_identification:_identify(build) by extension 'ignore'
[3.984s] Level 1:colcon.colcon_core.package_identification:_identify(build) ignored
[3.985s] Level 1:colcon.colcon_core.package_identification:_identify(install) by extensions ['ignore', 'ignore_ament_install']
[3.985s] Level 1:colcon.colcon_core.package_identification:_identify(install) by extension 'ignore'
[3.985s] Level 1:colcon.colcon_core.package_identification:_identify(install) ignored
[3.985s] Level 1:colcon.colcon_core.package_identification:_identify(log) by extensions ['ignore', 'ignore_ament_install']
[3.985s] Level 1:colcon.colcon_core.package_identification:_identify(log) by extension 'ignore'
[3.985s] Level 1:colcon.colcon_core.package_identification:_identify(log) ignored
[3.986s] Level 1:colcon.colcon_core.package_identification:_identify(src) by extensions ['ignore', 'ignore_ament_install']
[3.986s] Level 1:colcon.colcon_core.package_identification:_identify(src) by extension 'ignore'
[3.986s] Level 1:colcon.colcon_core.package_identification:_identify(src) by extension 'ignore_ament_install'
[3.986s] Level 1:colcon.colcon_core.package_identification:_identify(src) by extensions ['colcon_pkg']
[3.986s] Level 1:colcon.colcon_core.package_identification:_identify(src) by extension 'colcon_pkg'
[3.986s] Level 1:colcon.colcon_core.package_identification:_identify(src) by extensions ['colcon_meta']
[3.986s] Level 1:colcon.colcon_core.package_identification:_identify(src) by extension 'colcon_meta'
[3.986s] Level 1:colcon.colcon_core.package_identification:_identify(src) by extensions ['ros']
[3.986s] Level 1:colcon.colcon_core.package_identification:_identify(src) by extension 'ros'
[3.987s] Level 1:colcon.colcon_core.package_identification:_identify(src) by extensions ['cmake', 'python']
[3.988s] Level 1:colcon.colcon_core.package_identification:_identify(src) by extension 'cmake'
[3.988s] Level 1:colcon.colcon_core.package_identification:_identify(src) by extension 'python'
[3.988s] Level 1:colcon.colcon_core.package_identification:_identify(src) by extensions ['python_setup_py']
[3.988s] Level 1:colcon.colcon_core.package_identification:_identify(src) by extension 'python_setup_py'
[3.988s] Level 1:colcon.colcon_core.package_identification:_identify(src/windowclean_pro) by extensions ['ignore', 'ignore_ament_install']
[3.988s] Level 1:colcon.colcon_core.package_identification:_identify(src/windowclean_pro) by extension 'ignore'
[3.989s] Level 1:colcon.colcon_core.package_identification:_identify(src/windowclean_pro) by extension 'ignore_ament_install'
[3.989s] Level 1:colcon.colcon_core.package_identification:_identify(src/windowclean_pro) by extensions ['colcon_pkg']
[3.989s] Level 1:colcon.colcon_core.package_identification:_identify(src/windowclean_pro) by extension 'colcon_pkg'
[3.989s] Level 1:colcon.colcon_core.package_identification:_identify(src/windowclean_pro) by extensions ['colcon_meta']
[3.989s] Level 1:colcon.colcon_core.package_identification:_identify(src/windowclean_pro) by extension 'colcon_meta'
[3.989s] Level 1:colcon.colcon_core.package_identification:_identify(src/windowclean_pro) by extensions ['ros']
[3.989s] Level 1:colcon.colcon_core.package_identification:_identify(src/windowclean_pro) by extension 'ros'
[4.014s] DEBUG:colcon.colcon_core.package_identification:Package 'src/windowclean_pro' with type 'ros.ament_cmake' and name 'windowclean_pro'
[4.014s] Level 1:colcon.colcon_core.package_discovery:discover_packages(recursive) using defaults
[4.014s] Level 1:colcon.colcon_core.package_discovery:discover_packages(ignore) discover
[4.014s] Level 1:colcon.colcon_core.package_discovery:discover_packages(ignore) using defaults
[4.015s] Level 1:colcon.colcon_core.package_discovery:discover_packages(path) discover
[4.015s] Level 1:colcon.colcon_core.package_discovery:discover_packages(path) using defaults
[4.133s] Level 1:colcon.colcon_core.package_discovery:discover_packages(prefix_path) check parameters
[4.134s] Level 1:colcon.colcon_core.package_discovery:discover_packages(prefix_path) discover
[4.148s] DEBUG:colcon.colcon_installed_package_information.package_discovery:Found 276 installed packages in /opt/ros/humble
[4.155s] Level 1:colcon.colcon_core.package_discovery:discover_packages(prefix_path) using defaults
[4.308s] Level 5:colcon.colcon_core.verb:set package 'windowclean_pro' build argument 'cmake_args' from command line to 'None'
[4.309s] Level 5:colcon.colcon_core.verb:set package 'windowclean_pro' build argument 'cmake_target' from command line to 'None'
[4.309s] Level 5:colcon.colcon_core.verb:set package 'windowclean_pro' build argument 'cmake_target_skip_unavailable' from command line to 'False'
[4.309s] Level 5:colcon.colcon_core.verb:set package 'windowclean_pro' build argument 'cmake_clean_cache' from command line to 'False'
[4.309s] Level 5:colcon.colcon_core.verb:set package 'windowclean_pro' build argument 'cmake_clean_first' from command line to 'False'
[4.309s] Level 5:colcon.colcon_core.verb:set package 'windowclean_pro' build argument 'cmake_force_configure' from command line to 'False'
[4.309s] Level 5:colcon.colcon_core.verb:set package 'windowclean_pro' build argument 'ament_cmake_args' from command line to 'None'
[4.309s] Level 5:colcon.colcon_core.verb:set package 'windowclean_pro' build argument 'catkin_cmake_args' from command line to 'None'
[4.309s] Level 5:colcon.colcon_core.verb:set package 'windowclean_pro' build argument 'catkin_skip_building_tests' from command line to 'False'
[4.309s] DEBUG:colcon.colcon_core.verb:Building package 'windowclean_pro' with the following arguments: {'ament_cmake_args': None, 'build_base': '/home/arnia/.gazebo/models/robot_autonome/windowclean_pro_ws/build/windowclean_pro', 'catkin_cmake_args': None, 'catkin_skip_building_tests': False, 'cmake_args': None, 'cmake_clean_cache': False, 'cmake_clean_first': False, 'cmake_force_configure': False, 'cmake_target': None, 'cmake_target_skip_unavailable': False, 'install_base': '/home/arnia/.gazebo/models/robot_autonome/windowclean_pro_ws/install/windowclean_pro', 'merge_install': False, 'path': '/home/arnia/.gazebo/models/robot_autonome/windowclean_pro_ws/src/windowclean_pro', 'symlink_install': True, 'test_result_base': None}
[4.309s] INFO:colcon.colcon_core.executor:Executing jobs using 'parallel' executor
[4.314s] DEBUG:colcon.colcon_parallel_executor.executor.parallel:run_until_complete
[4.315s] INFO:colcon.colcon_ros.task.ament_cmake.build:Building ROS package in '/home/arnia/.gazebo/models/robot_autonome/windowclean_pro_ws/src/windowclean_pro' with build type 'ament_cmake'
[4.315s] INFO:colcon.colcon_cmake.task.cmake.build:Building CMake package in '/home/arnia/.gazebo/models/robot_autonome/windowclean_pro_ws/src/windowclean_pro'
[4.335s] INFO:colcon.colcon_core.plugin_system:Skipping extension 'colcon_core.shell.bat': Not used on non-Windows systems
[4.335s] INFO:colcon.colcon_core.shell:Skip shell extension 'powershell' for command environment: Not usable outside of PowerShell
[4.335s] DEBUG:colcon.colcon_core.shell:Skip shell extension 'dsv' for command environment
[4.389s] DEBUG:colcon.colcon_core.event_handler.log_command:Invoking command in '/home/arnia/.gazebo/models/robot_autonome/windowclean_pro_ws/build/windowclean_pro': CMAKE_PREFIX_PATH=/opt/ros/humble /usr/bin/cmake /home/arnia/.gazebo/models/robot_autonome/windowclean_pro_ws/src/windowclean_pro -DAMENT_CMAKE_SYMLINK_INSTALL=1 -DCMAKE_INSTALL_PREFIX=/home/arnia/.gazebo/models/robot_autonome/windowclean_pro_ws/install/windowclean_pro
[32.597s] DEBUG:colcon.colcon_core.event_handler.log_command:Invoked command in '/home/arnia/.gazebo/models/robot_autonome/windowclean_pro_ws/build/windowclean_pro' returned '1': CMAKE_PREFIX_PATH=/opt/ros/humble /usr/bin/cmake /home/arnia/.gazebo/models/robot_autonome/windowclean_pro_ws/src/windowclean_pro -DAMENT_CMAKE_SYMLINK_INSTALL=1 -DCMAKE_INSTALL_PREFIX=/home/arnia/.gazebo/models/robot_autonome/windowclean_pro_ws/install/windowclean_pro
[32.674s] Level 1:colcon.colcon_core.environment:create_environment_scripts_only(windowclean_pro)
[32.697s] Level 1:colcon.colcon_core.environment:checking '/home/arnia/.gazebo/models/robot_autonome/windowclean_pro_ws/install/windowclean_pro' for CMake module files
[32.699s] Level 1:colcon.colcon_core.environment:checking '/home/arnia/.gazebo/models/robot_autonome/windowclean_pro_ws/install/windowclean_pro' for CMake config files
[32.700s] Level 1:colcon.colcon_core.environment:checking '/home/arnia/.gazebo/models/robot_autonome/windowclean_pro_ws/install/windowclean_pro/bin'
[32.700s] Level 1:colcon.colcon_core.environment:checking '/home/arnia/.gazebo/models/robot_autonome/windowclean_pro_ws/install/windowclean_pro/lib/pkgconfig/windowclean_pro.pc'
[32.701s] Level 1:colcon.colcon_core.environment:checking '/home/arnia/.gazebo/models/robot_autonome/windowclean_pro_ws/install/windowclean_pro/lib/python3.10/site-packages'
[32.702s] Level 1:colcon.colcon_core.environment:checking '/home/arnia/.gazebo/models/robot_autonome/windowclean_pro_ws/install/windowclean_pro/bin'
[32.703s] INFO:colcon.colcon_core.shell:Creating package script '/home/arnia/.gazebo/models/robot_autonome/windowclean_pro_ws/install/windowclean_pro/share/windowclean_pro/package.ps1'
[32.707s] INFO:colcon.colcon_core.shell:Creating package descriptor '/home/arnia/.gazebo/models/robot_autonome/windowclean_pro_ws/install/windowclean_pro/share/windowclean_pro/package.dsv'
[32.709s] INFO:colcon.colcon_core.shell:Creating package script '/home/arnia/.gazebo/models/robot_autonome/windowclean_pro_ws/install/windowclean_pro/share/windowclean_pro/package.sh'
[32.720s] INFO:colcon.colcon_core.shell:Creating package script '/home/arnia/.gazebo/models/robot_autonome/windowclean_pro_ws/install/windowclean_pro/share/windowclean_pro/package.bash'
[32.730s] INFO:colcon.colcon_core.shell:Creating package script '/home/arnia/.gazebo/models/robot_autonome/windowclean_pro_ws/install/windowclean_pro/share/windowclean_pro/package.zsh'
[32.737s] Level 1:colcon.colcon_core.environment:create_file_with_runtime_dependencies(/home/arnia/.gazebo/models/robot_autonome/windowclean_pro_ws/install/windowclean_pro/share/colcon-core/packages/windowclean_pro)
[32.757s] DEBUG:colcon.colcon_parallel_executor.executor.parallel:closing loop
[32.757s] DEBUG:colcon.colcon_parallel_executor.executor.parallel:loop closed
[32.757s] DEBUG:colcon.colcon_parallel_executor.executor.parallel:run_until_complete finished with '1'
[32.758s] DEBUG:colcon.colcon_core.event_reactor:joining thread
[33.100s] INFO:colcon.colcon_core.plugin_system:Skipping extension 'colcon_notification.desktop_notification.notify_send': Could not find 'notify-send'
[33.100s] INFO:colcon.colcon_core.plugin_system:Skipping extension 'colcon_notification.desktop_notification.terminal_notifier': Not used on non-Darwin systems
[33.100s] INFO:colcon.colcon_core.plugin_system:Skipping extension 'colcon_notification.desktop_notification.win32': Not used on non-Windows systems
[33.100s] INFO:colcon.colcon_notification.desktop_notification:Sending desktop notification using 'notify2'
[33.105s] DEBUG:colcon.colcon_notification.desktop_notification.notify2:Failed to initialize notify2: org.freedesktop.DBus.Error.FileNotFound: Failed to connect to socket /run/user/1000/bus: No such file or directory
[33.108s] DEBUG:colcon.colcon_core.event_reactor:joined thread
[33.111s] INFO:colcon.colcon_core.shell:Creating prefix script '/home/arnia/.gazebo/models/robot_autonome/windowclean_pro_ws/install/local_setup.ps1'
[33.115s] INFO:colcon.colcon_core.shell:Creating prefix util module '/home/arnia/.gazebo/models/robot_autonome/windowclean_pro_ws/install/_local_setup_util_ps1.py'
[33.120s] INFO:colcon.colcon_core.shell:Creating prefix chain script '/home/arnia/.gazebo/models/robot_autonome/windowclean_pro_ws/install/setup.ps1'
[33.122s] INFO:colcon.colcon_core.shell:Creating prefix script '/home/arnia/.gazebo/models/robot_autonome/windowclean_pro_ws/install/local_setup.sh'
[33.124s] INFO:colcon.colcon_core.shell:Creating prefix util module '/home/arnia/.gazebo/models/robot_autonome/windowclean_pro_ws/install/_local_setup_util_sh.py'
[33.126s] INFO:colcon.colcon_core.shell:Creating prefix chain script '/home/arnia/.gazebo/models/robot_autonome/windowclean_pro_ws/install/setup.sh'
[33.131s] INFO:colcon.colcon_core.shell:Creating prefix script '/home/arnia/.gazebo/models/robot_autonome/windowclean_pro_ws/install/local_setup.bash'
[33.139s] INFO:colcon.colcon_core.shell:Creating prefix chain script '/home/arnia/.gazebo/models/robot_autonome/windowclean_pro_ws/install/setup.bash'
[33.141s] INFO:colcon.colcon_core.shell:Creating prefix script '/home/arnia/.gazebo/models/robot_autonome/windowclean_pro_ws/install/local_setup.zsh'
[33.143s] INFO:colcon.colcon_core.shell:Creating prefix chain script '/home/arnia/.gazebo/models/robot_autonome/windowclean_pro_ws/install/setup.zsh'
