[0.220s] Invoking command in '/home/arnia/.gazebo/models/robot_autonome/windowclean_pro_ws/build/windowclean_pro': CMAKE_PREFIX_PATH=/opt/ros/humble /usr/bin/cmake /home/arnia/.gazebo/models/robot_autonome/windowclean_pro_ws/src/windowclean_pro -DAMENT_CMAKE_SYMLINK_INSTALL=1 -DCMAKE_INSTALL_PREFIX=/home/arnia/.gazebo/models/robot_autonome/windowclean_pro_ws/install/windowclean_pro
[2.352s] -- Found ament_cmake: 1.3.12 (/opt/ros/humble/share/ament_cmake/cmake)
[8.286s] -- Override CMake install command with custom implementation using symlinks instead of copying resources
[8.827s] -- Found rclcpp: 16.0.16 (/opt/ros/humble/share/rclcpp/cmake)
[14.187s] -- Found rosidl_generator_c: 3.1.7 (/opt/ros/humble/share/rosidl_generator_c/cmake)
[14.232s] -- Found rosidl_adapter: 3.1.7 (/opt/ros/humble/share/rosidl_adapter/cmake)
[14.330s] -- Found rosidl_generator_cpp: 3.1.7 (/opt/ros/humble/share/rosidl_generator_cpp/cmake)
[14.503s] -- Using all available rosidl_typesupport_c: rosidl_typesupport_fastrtps_c;rosidl_typesupport_introspection_c
[14.720s] -- Using all available rosidl_typesupport_cpp: rosidl_typesupport_fastrtps_cpp;rosidl_typesupport_introspection_cpp
[15.433s] -- Found rmw_implementation_cmake: 6.1.2 (/opt/ros/humble/share/rmw_implementation_cmake/cmake)
[15.473s] -- Found rmw_fastrtps_cpp: 6.2.9 (/opt/ros/humble/share/rmw_fastrtps_cpp/cmake)
[230.758s] -- Using RMW implementation 'rmw_fastrtps_cpp' as default
[231.894s] -- Found sensor_msgs: 4.9.0 (/opt/ros/humble/share/sensor_msgs/cmake)
[232.839s] -- Found nav_msgs: 4.9.0 (/opt/ros/humble/share/nav_msgs/cmake)
[233.185s] -- Found tf2_ros: 0.25.17 (/opt/ros/humble/share/tf2_ros/cmake)
[234.335s] -- Found visualization_msgs: 4.9.0 (/opt/ros/humble/share/visualization_msgs/cmake)
[234.684s] -- Found std_srvs: 4.9.0 (/opt/ros/humble/share/std_srvs/cmake)
[278.916s] [31mCMake Error at CMakeLists.txt:28 (message):
[278.916s]   gazebo_ros package not found!
[278.924s] 
[278.935s]   Please install it with: sudo apt install ros-humble-gazebo-ros
[278.936s]   ros-humble-gazebo-ros-pkgs
[278.940s] 
[278.941s]   Or run: ./install_dependencies.sh
[278.942s] 
[278.944s] [0m
[278.944s] -- Configuring incomplete, errors occurred!
[278.944s] See also "/home/arnia/.gazebo/models/robot_autonome/windowclean_pro_ws/build/windowclean_pro/CMakeFiles/CMakeOutput.log".
[279.173s] Invoked command in '/home/arnia/.gazebo/models/robot_autonome/windowclean_pro_ws/build/windowclean_pro' returned '1': CMAKE_PREFIX_PATH=/opt/ros/humble /usr/bin/cmake /home/arnia/.gazebo/models/robot_autonome/windowclean_pro_ws/src/windowclean_pro -DAMENT_CMAKE_SYMLINK_INSTALL=1 -DCMAKE_INSTALL_PREFIX=/home/arnia/.gazebo/models/robot_autonome/windowclean_pro_ws/install/windowclean_pro
