[0.074s] Invoking command in '/home/arnia/.gazebo/models/robot_autonome/windowclean_pro_ws/build/windowclean_pro': CMAKE_PREFIX_PATH=/opt/ros/humble /usr/bin/cmake /home/arnia/.gazebo/models/robot_autonome/windowclean_pro_ws/src/windowclean_pro -DAMENT_CMAKE_SYMLINK_INSTALL=1 -DCMAKE_INSTALL_PREFIX=/home/arnia/.gazebo/models/robot_autonome/windowclean_pro_ws/install/windowclean_pro
[0.217s] -- Found ament_cmake: 1.3.12 (/opt/ros/humble/share/ament_cmake/cmake)
[1.933s] -- Override CMake install command with custom implementation using symlinks instead of copying resources
[1.975s] -- Found rclcpp: 16.0.16 (/opt/ros/humble/share/rclcpp/cmake)
[2.626s] -- Found rosidl_generator_c: 3.1.7 (/opt/ros/humble/share/rosidl_generator_c/cmake)
[2.630s] -- Found rosidl_adapter: 3.1.7 (/opt/ros/humble/share/rosidl_adapter/cmake)
[2.661s] -- Found rosidl_generator_cpp: 3.1.7 (/opt/ros/humble/share/rosidl_generator_cpp/cmake)
[2.707s] -- Using all available rosidl_typesupport_c: rosidl_typesupport_fastrtps_c;rosidl_typesupport_introspection_c
[2.756s] -- Using all available rosidl_typesupport_cpp: rosidl_typesupport_fastrtps_cpp;rosidl_typesupport_introspection_cpp
[2.888s] -- Found rmw_implementation_cmake: 6.1.2 (/opt/ros/humble/share/rmw_implementation_cmake/cmake)
[2.891s] -- Found rmw_fastrtps_cpp: 6.2.9 (/opt/ros/humble/share/rmw_fastrtps_cpp/cmake)
[22.900s] -- Using RMW implementation 'rmw_fastrtps_cpp' as default
[23.126s] -- Found sensor_msgs: 4.9.0 (/opt/ros/humble/share/sensor_msgs/cmake)
[23.278s] -- Found nav_msgs: 4.9.0 (/opt/ros/humble/share/nav_msgs/cmake)
[23.346s] -- Found tf2_ros: 0.25.17 (/opt/ros/humble/share/tf2_ros/cmake)
[23.688s] -- Found visualization_msgs: 4.9.0 (/opt/ros/humble/share/visualization_msgs/cmake)
[23.746s] -- Found std_srvs: 4.9.0 (/opt/ros/humble/share/std_srvs/cmake)
[28.232s] -- Configuring incomplete, errors occurred!
[28.233s] See also "/home/arnia/.gazebo/models/robot_autonome/windowclean_pro_ws/build/windowclean_pro/CMakeFiles/CMakeOutput.log".
[28.233s] [31mCMake Error at CMakeLists.txt:28 (message):
[28.233s]   gazebo_ros package not found!
[28.233s] 
[28.233s]   Please install it with: sudo apt install ros-humble-gazebo-ros
[28.233s]   ros-humble-gazebo-ros-pkgs
[28.243s] 
[28.251s]   Or run: ./install_dependencies.sh
[28.251s] 
[28.251s] [0m
[28.281s] Invoked command in '/home/arnia/.gazebo/models/robot_autonome/windowclean_pro_ws/build/windowclean_pro' returned '1': CMAKE_PREFIX_PATH=/opt/ros/humble /usr/bin/cmake /home/arnia/.gazebo/models/robot_autonome/windowclean_pro_ws/src/windowclean_pro -DAMENT_CMAKE_SYMLINK_INSTALL=1 -DCMAKE_INSTALL_PREFIX=/home/arnia/.gazebo/models/robot_autonome/windowclean_pro_ws/install/windowclean_pro
